<?xml version="1.0" encoding="UTF-8"?>
<robot generator="Robot 5.0 (Python 3.10.2 on win32)" generated="20220921 15:36:31.057" rpa="false" schemaversion="3">
<suite id="s1" name="Suites">
<suite id="s1-s1" name="NavigationTest" source="C:\Users\SauravSharma\PycharmProjects\RobotFrameworkPratice\RobotFramework\TestCases\NavigationTest.robot">
<test id="s1-s1-t1" name="MultipleBrowsers" line="11">
<kw name="Set Selenium Speed" library="SeleniumLibrary">
<arg>2</arg>
<doc>Sets the delay that is waited after each Selenium command.</doc>
<status status="PASS" starttime="20220921 15:36:32.528" endtime="20220921 15:36:32.529"/>
</kw>
<kw name="Open Browser" library="SeleniumLibrary">
<arg>${url1}</arg>
<arg>${browser}</arg>
<doc>Opens a new browser instance to the optional ``url``.</doc>
<msg timestamp="20220921 15:36:32.530" level="INFO">Opening browser 'ff' to base url 'https://www.bing.com/'.</msg>
<msg timestamp="20220921 15:36:32.532" level="INFO">Firefox driver log is always forced to to: C:\Users\SauravSharma\PycharmProjects\RobotFrameworkPratice\RobotFramework\Results\pabot_results\10\geckodriver-1.log</msg>
<status status="PASS" starttime="20220921 15:36:32.530" endtime="20220921 15:37:26.669"/>
</kw>
<kw name="Maximize Browser Window" library="SeleniumLibrary">
<doc>Maximizes current browser window.</doc>
<status status="PASS" starttime="20220921 15:37:26.670" endtime="20220921 15:37:28.677"/>
</kw>
<kw name="Get Location" library="SeleniumLibrary">
<var>${loc}</var>
<doc>Returns the current browser window URL.</doc>
<msg timestamp="20220921 15:37:30.688" level="INFO">${loc} = https://www.bing.com/</msg>
<status status="PASS" starttime="20220921 15:37:28.678" endtime="20220921 15:37:30.688"/>
</kw>
<kw name="Log To Console" library="BuiltIn">
<arg>${loc}</arg>
<doc>Logs the given message to the console.</doc>
<status status="PASS" starttime="20220921 15:37:30.688" endtime="20220921 15:37:30.690"/>
</kw>
<kw name="Go To" library="SeleniumLibrary">
<arg>${url2}</arg>
<doc>Navigates the current browser window to the provided ``url``.</doc>
<msg timestamp="20220921 15:37:30.691" level="INFO">Opening url 'https://www.google.com/'</msg>
<status status="PASS" starttime="20220921 15:37:30.690" endtime="20220921 15:38:00.854"/>
</kw>
<kw name="Get Location" library="SeleniumLibrary">
<var>${loc}</var>
<doc>Returns the current browser window URL.</doc>
<msg timestamp="20220921 15:38:02.867" level="INFO">${loc} = https://www.google.com/</msg>
<status status="PASS" starttime="20220921 15:38:00.855" endtime="20220921 15:38:02.867"/>
</kw>
<kw name="Log To Console" library="BuiltIn">
<arg>{$loc}</arg>
<doc>Logs the given message to the console.</doc>
<status status="PASS" starttime="20220921 15:38:02.868" endtime="20220921 15:38:02.869"/>
</kw>
<kw name="Go Back" library="SeleniumLibrary">
<doc>Simulates the user clicking the back button on their browser.</doc>
<status status="PASS" starttime="20220921 15:38:02.869" endtime="20220921 15:38:05.431"/>
</kw>
<kw name="Close Browser" library="SeleniumLibrary">
<doc>Closes the current browser.</doc>
<status status="PASS" starttime="20220921 15:38:05.431" endtime="20220921 15:38:11.219"/>
</kw>
<status status="PASS" starttime="20220921 15:36:32.527" endtime="20220921 15:38:11.219"/>
</test>
<status status="PASS" starttime="20220921 15:36:31.318" endtime="20220921 15:38:11.220"/>
</suite>
<status status="PASS" starttime="20220921 15:36:31.235" endtime="20220921 15:38:11.223"/>
</suite>
<statistics>
<total>
<stat pass="1" fail="0" skip="0">All Tests</stat>
</total>
<tag>
</tag>
<suite>
<stat pass="1" fail="0" skip="0" id="s1" name="Suites">Suites</stat>
<stat pass="1" fail="0" skip="0" id="s1-s1" name="NavigationTest">Suites.NavigationTest</stat>
</suite>
</statistics>
<errors>
</errors>
</robot>
