<?xml version="1.0" encoding="UTF-8"?>
<robot generator="Robot 5.0 (Python 3.10.2 on win32)" generated="20220923 12:34:01.882" rpa="false" schemaversion="3">
<suite id="s1" name="TC3" source="C:\Users\SauravSharma\PycharmProjects\RobotFrameworkPratice\Graphs\TC3.robot">
<test id="s1-t1" name="Area chart with hover effect" line="13">
<kw name="Open Browser" library="SeleniumLibrary">
<arg>${url}</arg>
<arg>${browser}</arg>
<doc>Opens a new browser instance to the optional ``url``.</doc>
<msg timestamp="20220923 12:34:02.415" level="INFO">Opening browser 'ff' to base url 'https://www.highcharts.com/docs/chart-and-series-types/area-chart'.</msg>
<msg timestamp="20220923 12:34:02.415" level="INFO">Firefox driver log is always forced to to: C:\Users\SauravSharma\PycharmProjects\RobotFrameworkPratice\geckodriver-3.log</msg>
<status status="PASS" starttime="20220923 12:34:02.415" endtime="20220923 12:34:14.346"/>
</kw>
<kw name="Set Selenium Speed" library="SeleniumLibrary">
<arg>2</arg>
<doc>Sets the delay that is waited after each Selenium command.</doc>
<status status="PASS" starttime="20220923 12:34:14.386" endtime="20220923 12:34:14.386"/>
</kw>
<kw name="Maximize Browser Window" library="SeleniumLibrary">
<doc>Maximizes current browser window.</doc>
<status status="PASS" starttime="20220923 12:34:14.386" endtime="20220923 12:34:16.404"/>
</kw>
<kw name="Click Element" library="SeleniumLibrary">
<arg>//a[@id='CybotCookiebotDialogBodyButtonAccept']</arg>
<doc>Click the element identified by ``locator``.</doc>
<msg timestamp="20220923 12:34:16.404" level="INFO">Clicking element '//a[@id='CybotCookiebotDialogBodyButtonAccept']'.</msg>
<status status="PASS" starttime="20220923 12:34:16.404" endtime="20220923 12:34:20.692"/>
</kw>
<kw name="Reload Page" library="SeleniumLibrary">
<doc>Simulates user reloading page.</doc>
<status status="PASS" starttime="20220923 12:34:20.692" endtime="20220923 12:34:26.283"/>
</kw>
<kw name="Execute Javascript" library="SeleniumLibrary">
<arg>window.scrollTo(0,200)</arg>
<doc>Executes the given JavaScript code with possible arguments.</doc>
<msg timestamp="20220923 12:34:26.283" level="INFO">Executing JavaScript:
window.scrollTo(0,200)
Without any arguments.</msg>
<status status="PASS" starttime="20220923 12:34:26.283" endtime="20220923 12:34:28.360"/>
</kw>
<kw name="Select Frame" library="SeleniumLibrary">
<arg>//iframe[@title="Highcharts example"]</arg>
<doc>Sets frame identified by ``locator`` as the current frame.</doc>
<msg timestamp="20220923 12:34:28.360" level="INFO">Selecting frame '//iframe[@title="Highcharts example"]'.</msg>
<status status="PASS" starttime="20220923 12:34:28.360" endtime="20220923 12:34:32.388"/>
</kw>
<kw name="Get Element Count" library="SeleniumLibrary">
<var>${count}</var>
<arg>${Locator}</arg>
<doc>Returns the number of elements matching ``locator``.</doc>
<msg timestamp="20220923 12:34:34.396" level="INFO">${count} = 0</msg>
<status status="PASS" starttime="20220923 12:34:32.388" endtime="20220923 12:34:34.396"/>
</kw>
<kw name="Log To Console" library="BuiltIn">
<arg>${count}</arg>
<doc>Logs the given message to the console.</doc>
<status status="PASS" starttime="20220923 12:34:34.396" endtime="20220923 12:34:34.396"/>
</kw>
<kw name="Unselect Frame" library="SeleniumLibrary">
<doc>Sets the main frame as the current frame.</doc>
<status status="PASS" starttime="20220923 12:34:34.396" endtime="20220923 12:34:36.415"/>
</kw>
<for flavor="IN RANGE">
<var>${i}</var>
<value>1</value>
<value>${count}</value>
<iter>
<var name="${i}"/>
<kw name="Select Frame" library="SeleniumLibrary">
<arg>//iframe[@title="Highcharts example"]</arg>
<doc>Sets frame identified by ``locator`` as the current frame.</doc>
<status status="NOT RUN" starttime="20220923 12:34:36.415" endtime="20220923 12:34:36.415"/>
</kw>
<kw name="Mouse Over" library="SeleniumLibrary">
<arg>${Locator} [${i}]</arg>
<doc>Simulates hovering the mouse over the element ``locator``.</doc>
<status status="NOT RUN" starttime="20220923 12:34:36.415" endtime="20220923 12:34:36.415"/>
</kw>
<kw name="Get Element Count" library="SeleniumLibrary">
<var>${count}</var>
<arg>${Locate}</arg>
<doc>Returns the number of elements matching ``locator``.</doc>
<status status="NOT RUN" starttime="20220923 12:34:36.415" endtime="20220923 12:34:36.415"/>
</kw>
<for flavor="IN RANGE">
<var>${j}</var>
<value>${count}</value>
<iter>
<var name="${j}"/>
<kw name="Get Text" library="SeleniumLibrary">
<var>${Text}</var>
<arg>${Locate}</arg>
<doc>Returns the text value of the element identified by ``locator``.</doc>
<status status="NOT RUN" starttime="20220923 12:34:36.415" endtime="20220923 12:34:36.415"/>
</kw>
<kw name="Log To Console" library="BuiltIn">
<arg>${Text}</arg>
<doc>Logs the given message to the console.</doc>
<status status="NOT RUN" starttime="20220923 12:34:36.415" endtime="20220923 12:34:36.415"/>
</kw>
<status status="NOT RUN" starttime="20220923 12:34:36.415" endtime="20220923 12:34:36.415"/>
</iter>
<status status="NOT RUN" starttime="20220923 12:34:36.415" endtime="20220923 12:34:36.415"/>
</for>
<kw name="Unselect Frame" library="SeleniumLibrary">
<doc>Sets the main frame as the current frame.</doc>
<status status="NOT RUN" starttime="20220923 12:34:36.415" endtime="20220923 12:34:36.415"/>
</kw>
<status status="NOT RUN" starttime="20220923 12:34:36.415" endtime="20220923 12:34:36.415"/>
</iter>
<status status="NOT RUN" starttime="20220923 12:34:36.415" endtime="20220923 12:34:36.415"/>
</for>
<kw name="Select Frame" library="SeleniumLibrary">
<arg>//iframe[@title="Highcharts example"]</arg>
<doc>Sets frame identified by ``locator`` as the current frame.</doc>
<msg timestamp="20220923 12:34:36.419" level="INFO">Selecting frame '//iframe[@title="Highcharts example"]'.</msg>
<status status="PASS" starttime="20220923 12:34:36.415" endtime="20220923 12:34:40.441"/>
</kw>
<kw name="Get Element Count" library="SeleniumLibrary">
<var>${count1}</var>
<arg>${Locator1}</arg>
<doc>Returns the number of elements matching ``locator``.</doc>
<msg timestamp="20220923 12:34:42.455" level="INFO">${count1} = 0</msg>
<status status="PASS" starttime="20220923 12:34:40.441" endtime="20220923 12:34:42.455"/>
</kw>
<kw name="Log To Console" library="BuiltIn">
<arg>${count1}</arg>
<doc>Logs the given message to the console.</doc>
<status status="PASS" starttime="20220923 12:34:42.455" endtime="20220923 12:34:42.455"/>
</kw>
<kw name="Unselect Frame" library="SeleniumLibrary">
<doc>Sets the main frame as the current frame.</doc>
<status status="PASS" starttime="20220923 12:34:42.455" endtime="20220923 12:34:44.468"/>
</kw>
<for flavor="IN RANGE">
<var>${i}</var>
<value>1</value>
<value>${count1}</value>
<iter>
<var name="${i}"/>
<kw name="Select Frame" library="SeleniumLibrary">
<arg>//iframe[@title="Highcharts example"]</arg>
<doc>Sets frame identified by ``locator`` as the current frame.</doc>
<status status="NOT RUN" starttime="20220923 12:34:44.468" endtime="20220923 12:34:44.468"/>
</kw>
<kw name="Mouse Over" library="SeleniumLibrary">
<arg>${Locator1} [${i}]</arg>
<doc>Simulates hovering the mouse over the element ``locator``.</doc>
<status status="NOT RUN" starttime="20220923 12:34:44.468" endtime="20220923 12:34:44.468"/>
</kw>
<kw name="Get Element Count" library="SeleniumLibrary">
<var>${count}</var>
<arg>${Locate}</arg>
<doc>Returns the number of elements matching ``locator``.</doc>
<status status="NOT RUN" starttime="20220923 12:34:44.468" endtime="20220923 12:34:44.468"/>
</kw>
<for flavor="IN RANGE">
<var>${j}</var>
<value>${count}</value>
<iter>
<var name="${j}"/>
<kw name="Get Text" library="SeleniumLibrary">
<var>${Text}</var>
<arg>${Locate}</arg>
<doc>Returns the text value of the element identified by ``locator``.</doc>
<status status="NOT RUN" starttime="20220923 12:34:44.468" endtime="20220923 12:34:44.468"/>
</kw>
<kw name="Log To Console" library="BuiltIn">
<arg>${Text}</arg>
<doc>Logs the given message to the console.</doc>
<status status="NOT RUN" starttime="20220923 12:34:44.468" endtime="20220923 12:34:44.468"/>
</kw>
<status status="NOT RUN" starttime="20220923 12:34:44.468" endtime="20220923 12:34:44.468"/>
</iter>
<status status="NOT RUN" starttime="20220923 12:34:44.468" endtime="20220923 12:34:44.468"/>
</for>
<kw name="Unselect Frame" library="SeleniumLibrary">
<doc>Sets the main frame as the current frame.</doc>
<status status="NOT RUN" starttime="20220923 12:34:44.468" endtime="20220923 12:34:44.468"/>
</kw>
<status status="NOT RUN" starttime="20220923 12:34:44.468" endtime="20220923 12:34:44.468"/>
</iter>
<status status="NOT RUN" starttime="20220923 12:34:44.468" endtime="20220923 12:34:44.468"/>
</for>
<kw name="Close All Browsers" library="SeleniumLibrary">
<doc>Closes all open browsers and resets the browser cache.</doc>
<status status="PASS" starttime="20220923 12:34:44.468" endtime="20220923 12:34:48.758"/>
</kw>
<status status="PASS" starttime="20220923 12:34:02.415" endtime="20220923 12:34:48.758"/>
</test>
<status status="PASS" starttime="20220923 12:34:01.882" endtime="20220923 12:34:48.758"/>
</suite>
<statistics>
<total>
<stat pass="1" fail="0" skip="0">All Tests</stat>
</total>
<tag>
</tag>
<suite>
<stat pass="1" fail="0" skip="0" id="s1" name="TC3">TC3</stat>
</suite>
</statistics>
<errors>
</errors>
</robot>
