<?xml version="1.0" encoding="UTF-8"?>
<robot generator="Robot 5.0 (Python 3.10.2 on win32)" generated="20220921 15:36:31.399" rpa="false" schemaversion="3">
<suite id="s1" name="Suites">
<suite id="s1-s1" name="Frames" source="C:\Users\SauravSharma\PycharmProjects\RobotFrameworkPratice\RobotFramework\TestCases\Frames.robot">
<test id="s1-s1-t1" name="Handling Alerts" line="9">
<kw name="Open Browser" library="SeleniumLibrary">
<arg>${url}</arg>
<arg>${browser}</arg>
<doc>Opens a new browser instance to the optional ``url``.</doc>
<msg timestamp="20220921 15:36:33.479" level="INFO">Opening browser 'ff' to base url 'https://www.selenium.dev/selenium/docs/api/java/index.html?overview-summary.html'.</msg>
<msg timestamp="20220921 15:36:33.481" level="INFO">Firefox driver log is always forced to to: C:\Users\SauravSharma\PycharmProjects\RobotFrameworkPratice\RobotFramework\Results\pabot_results\6\geckodriver-1.log</msg>
<status status="PASS" starttime="20220921 15:36:33.479" endtime="20220921 15:37:25.428"/>
</kw>
<kw name="Set Selenium Speed" library="SeleniumLibrary">
<arg>2</arg>
<doc>Sets the delay that is waited after each Selenium command.</doc>
<status status="PASS" starttime="20220921 15:37:25.429" endtime="20220921 15:37:25.430"/>
</kw>
<kw name="Select Frame" library="SeleniumLibrary">
<arg>packageListFrame</arg>
<doc>Sets frame identified by ``locator`` as the current frame.</doc>
<msg timestamp="20220921 15:37:25.432" level="INFO">Selecting frame 'packageListFrame'.</msg>
<status status="PASS" starttime="20220921 15:37:25.430" endtime="20220921 15:37:30.366"/>
</kw>
<kw name="Click Link" library="SeleniumLibrary">
<arg>org.openqa.selenium</arg>
<doc>Clicks a link identified by ``locator``.</doc>
<msg timestamp="20220921 15:37:30.367" level="INFO">Clicking link 'org.openqa.selenium'.</msg>
<status status="PASS" starttime="20220921 15:37:30.366" endtime="20220921 15:37:40.628"/>
</kw>
<kw name="Unselect Frame" library="SeleniumLibrary">
<doc>Sets the main frame as the current frame.</doc>
<status status="PASS" starttime="20220921 15:37:40.628" endtime="20220921 15:37:46.052"/>
</kw>
<kw name="Select Frame" library="SeleniumLibrary">
<arg>packageFrame</arg>
<doc>Sets frame identified by ``locator`` as the current frame.</doc>
<msg timestamp="20220921 15:37:46.056" level="INFO">Selecting frame 'packageFrame'.</msg>
<status status="PASS" starttime="20220921 15:37:46.052" endtime="20220921 15:37:51.032"/>
</kw>
<kw name="Click Link" library="SeleniumLibrary">
<arg>WebDriver</arg>
<doc>Clicks a link identified by ``locator``.</doc>
<msg timestamp="20220921 15:37:51.033" level="INFO">Clicking link 'WebDriver'.</msg>
<status status="PASS" starttime="20220921 15:37:51.032" endtime="20220921 15:37:59.011"/>
</kw>
<kw name="Unselect Frame" library="SeleniumLibrary">
<doc>Sets the main frame as the current frame.</doc>
<status status="PASS" starttime="20220921 15:37:59.011" endtime="20220921 15:38:01.349"/>
</kw>
<kw name="Select Frame" library="SeleniumLibrary">
<arg>classFrame</arg>
<doc>Sets frame identified by ``locator`` as the current frame.</doc>
<msg timestamp="20220921 15:38:01.350" level="INFO">Selecting frame 'classFrame'.</msg>
<status status="PASS" starttime="20220921 15:38:01.349" endtime="20220921 15:38:05.385"/>
</kw>
<kw name="Click Link" library="SeleniumLibrary">
<arg>Help</arg>
<doc>Clicks a link identified by ``locator``.</doc>
<msg timestamp="20220921 15:38:05.386" level="INFO">Clicking link 'Help'.</msg>
<status status="PASS" starttime="20220921 15:38:05.385" endtime="20220921 15:38:11.986"/>
</kw>
<kw name="Unselect Frame" library="SeleniumLibrary">
<doc>Sets the main frame as the current frame.</doc>
<status status="PASS" starttime="20220921 15:38:11.986" endtime="20220921 15:38:14.013"/>
</kw>
<status status="PASS" starttime="20220921 15:36:33.477" endtime="20220921 15:38:14.013"/>
</test>
<status status="PASS" starttime="20220921 15:36:31.637" endtime="20220921 15:38:14.014"/>
</suite>
<status status="PASS" starttime="20220921 15:36:31.498" endtime="20220921 15:38:14.015"/>
</suite>
<statistics>
<total>
<stat pass="1" fail="0" skip="0">All Tests</stat>
</total>
<tag>
</tag>
<suite>
<stat pass="1" fail="0" skip="0" id="s1" name="Suites">Suites</stat>
<stat pass="1" fail="0" skip="0" id="s1-s1" name="Frames">Suites.Frames</stat>
</suite>
</statistics>
<errors>
</errors>
</robot>
