<?xml version="1.0" encoding="UTF-8"?>
<robot generator="Robot 5.0 (Python 3.10.2 on win32)" generated="20220905 20:31:04.532" rpa="false" schemaversion="3">
<suite id="s1" name="NavigationTest" source="C:\Users\SauravSharma\PycharmProjects\RobotFrameworkPratice\RobotFramework\TestCases\NavigationTest.robot">
<test id="s1-t1" name="MultipleBrowsers" line="11">
<kw name="Set Selenium Speed" library="SeleniumLibrary">
<arg>2</arg>
<doc>Sets the delay that is waited after each Selenium command.</doc>
<status status="PASS" starttime="20220905 20:31:04.795" endtime="20220905 20:31:04.795"/>
</kw>
<kw name="Open Browser" library="SeleniumLibrary">
<arg>${url1}</arg>
<arg>${browser}</arg>
<doc>Opens a new browser instance to the optional ``url``.</doc>
<msg timestamp="20220905 20:31:04.795" level="INFO">Opening browser 'ff' to base url 'https://www.bing.com/'.</msg>
<msg timestamp="20220905 20:31:04.795" level="INFO">Firefox driver log is always forced to to: C:\Users\SauravSharma\PycharmProjects\RobotFrameworkPratice\RobotFramework\geckodriver-51.log</msg>
<status status="PASS" starttime="20220905 20:31:04.795" endtime="20220905 20:31:12.898"/>
</kw>
<kw name="Maximize Browser Window" library="SeleniumLibrary">
<doc>Maximizes current browser window.</doc>
<status status="PASS" starttime="20220905 20:31:12.898" endtime="20220905 20:31:14.904"/>
</kw>
<kw name="Get Location" library="SeleniumLibrary">
<var>${loc}</var>
<doc>Returns the current browser window URL.</doc>
<msg timestamp="20220905 20:31:16.909" level="INFO">${loc} = https://www.bing.com/</msg>
<status status="PASS" starttime="20220905 20:31:14.904" endtime="20220905 20:31:16.909"/>
</kw>
<kw name="Log To Console" library="BuiltIn">
<arg>${loc}</arg>
<doc>Logs the given message to the console.</doc>
<status status="PASS" starttime="20220905 20:31:16.909" endtime="20220905 20:31:16.909"/>
</kw>
<kw name="Go To" library="SeleniumLibrary">
<arg>${url2}</arg>
<doc>Navigates the current browser window to the provided ``url``.</doc>
<msg timestamp="20220905 20:31:16.909" level="INFO">Opening url 'https://www.google.com/'</msg>
<status status="PASS" starttime="20220905 20:31:16.909" endtime="20220905 20:31:20.502"/>
</kw>
<kw name="Get Location" library="SeleniumLibrary">
<var>${loc}</var>
<doc>Returns the current browser window URL.</doc>
<msg timestamp="20220905 20:31:22.521" level="INFO">${loc} = https://www.google.com/</msg>
<status status="PASS" starttime="20220905 20:31:20.502" endtime="20220905 20:31:22.521"/>
</kw>
<kw name="Log To Console" library="BuiltIn">
<arg>{$loc}</arg>
<doc>Logs the given message to the console.</doc>
<status status="PASS" starttime="20220905 20:31:22.521" endtime="20220905 20:31:22.521"/>
</kw>
<kw name="Go Back" library="SeleniumLibrary">
<doc>Simulates the user clicking the back button on their browser.</doc>
<status status="PASS" starttime="20220905 20:31:22.525" endtime="20220905 20:31:24.628"/>
</kw>
<status status="PASS" starttime="20220905 20:31:04.795" endtime="20220905 20:31:24.628"/>
</test>
<status status="PASS" starttime="20220905 20:31:04.532" endtime="20220905 20:31:24.632"/>
</suite>
<statistics>
<total>
<stat pass="1" fail="0" skip="0">All Tests</stat>
</total>
<tag>
</tag>
<suite>
<stat pass="1" fail="0" skip="0" id="s1" name="NavigationTest">NavigationTest</stat>
</suite>
</statistics>
<errors>
</errors>
</robot>
