<?xml version="1.0" encoding="UTF-8"?>
<robot generator="Robot 5.0 (Python 3.10.2 on win32)" generated="20220920 19:58:52.541" rpa="false" schemaversion="3">
<suite id="s1" name="TC1" source="C:\Users\SauravSharma\PycharmProjects\RobotFrameworkPratice\RobotFramework\Graphs\TC1.robot">
<test id="s1-t1" name="Automating Graphs" line="10">
<kw name="Set Selenium Speed" library="SeleniumLibrary">
<arg>2</arg>
<doc>Sets the delay that is waited after each Selenium command.</doc>
<status status="PASS" starttime="20220920 19:58:52.790" endtime="20220920 19:58:52.790"/>
</kw>
<kw name="Open Browser" library="SeleniumLibrary">
<arg>${url}</arg>
<arg>${browser}</arg>
<doc>Opens a new browser instance to the optional ``url``.</doc>
<msg timestamp="20220920 19:58:52.791" level="INFO">Opening browser 'ff' to base url 'https://www.highcharts.com/docs/chart-and-series-types/line-chart'.</msg>
<msg timestamp="20220920 19:58:52.792" level="INFO">Firefox driver log is always forced to to: C:\Users\SauravSharma\PycharmProjects\RobotFrameworkPratice\RobotFramework\geckodriver-3.log</msg>
<status status="PASS" starttime="20220920 19:58:52.790" endtime="20220920 19:59:04.225"/>
</kw>
<kw name="Maximize Browser Window" library="SeleniumLibrary">
<doc>Maximizes current browser window.</doc>
<status status="PASS" starttime="20220920 19:59:04.226" endtime="20220920 19:59:06.239"/>
</kw>
<kw name="Click Element" library="SeleniumLibrary">
<arg>//a[@id='CybotCookiebotDialogBodyButtonAccept']</arg>
<doc>Click the element identified by ``locator``.</doc>
<msg timestamp="20220920 19:59:06.242" level="INFO">Clicking element '//a[@id='CybotCookiebotDialogBodyButtonAccept']'.</msg>
<status status="PASS" starttime="20220920 19:59:06.240" endtime="20220920 19:59:10.582"/>
</kw>
<kw name="Select Frame" library="SeleniumLibrary">
<arg>//iframe[@title='Highcharts example']</arg>
<doc>Sets frame identified by ``locator`` as the current frame.</doc>
<msg timestamp="20220920 19:59:10.584" level="INFO">Selecting frame '//iframe[@title='Highcharts example']'.</msg>
<status status="PASS" starttime="20220920 19:59:10.583" endtime="20220920 19:59:14.629"/>
</kw>
<kw name="Get Text" library="SeleniumLibrary">
<var>${RetrievingText}</var>
<arg>//figure[@class='highcharts-figure']//*[name()="svg"]</arg>
<doc>Returns the text value of the element identified by ``locator``.</doc>
<msg timestamp="20220920 19:59:18.806" level="INFO">${RetrievingText} = Number of EmployeesInstallation &amp; DevelopersManufacturingOtherU.S Solar Employment Growth by Job Category, 2010-2020Source: IRECInstallation &amp; DevelopersManufacturingSales &amp; DistributionOperations &amp; M...</msg>
<status status="PASS" starttime="20220920 19:59:14.630" endtime="20220920 19:59:18.806"/>
</kw>
<kw name="Log To Console" library="BuiltIn">
<arg>${RetrievingText}</arg>
<doc>Logs the given message to the console.</doc>
<status status="PASS" starttime="20220920 19:59:18.808" endtime="20220920 19:59:18.810"/>
</kw>
<kw name="Get Element Count" library="SeleniumLibrary">
<var>${RetrievingCount}</var>
<arg>${Locator}</arg>
<doc>Returns the number of elements matching ``locator``.</doc>
<msg timestamp="20220920 19:59:20.824" level="INFO">${RetrievingCount} = 0</msg>
<status status="PASS" starttime="20220920 19:59:18.811" endtime="20220920 19:59:20.825"/>
</kw>
<for flavor="IN RANGE">
<var>${i}</var>
<value>1</value>
<value>${RetrievingCount}+1</value>
<iter>
<var name="${i}"/>
<kw name="Log To Console" library="BuiltIn">
<arg>${RetrievingCount}</arg>
<doc>Logs the given message to the console.</doc>
<status status="NOT RUN" starttime="20220920 19:59:20.827" endtime="20220920 19:59:20.828"/>
</kw>
<kw name="Mouse Over" library="SeleniumLibrary">
<arg>${Locator} [${i}]</arg>
<doc>Simulates hovering the mouse over the element ``locator``.</doc>
<status status="NOT RUN" starttime="20220920 19:59:20.828" endtime="20220920 19:59:20.828"/>
</kw>
<kw name="Mouse Out" library="SeleniumLibrary">
<arg>${Locator}</arg>
<doc>Simulates moving the mouse away from the element ``locator``.</doc>
<status status="NOT RUN" starttime="20220920 19:59:20.828" endtime="20220920 19:59:20.829"/>
</kw>
<status status="NOT RUN" starttime="20220920 19:59:20.827" endtime="20220920 19:59:20.829"/>
</iter>
<status status="NOT RUN" starttime="20220920 19:59:20.826" endtime="20220920 19:59:20.829"/>
</for>
<kw name="Mouse Over" library="SeleniumLibrary">
<arg>//figure[@class='highcharts-figure']//*[name()="svg"]</arg>
<doc>Simulates hovering the mouse over the element ``locator``.</doc>
<msg timestamp="20220920 19:59:20.831" level="INFO">Simulating Mouse Over on element '//figure[@class='highcharts-figure']//*[name()="svg"]'.</msg>
<status status="PASS" starttime="20220920 19:59:20.830" endtime="20220920 19:59:25.161"/>
</kw>
<kw name="Scroll Element Into View" library="SeleniumLibrary">
<arg>//figure[@class='highcharts-figure']//*[name()="svg"]</arg>
<doc>Scrolls the element identified by ``locator`` into view.</doc>
<status status="PASS" starttime="20220920 19:59:25.162" endtime="20220920 19:59:29.465"/>
</kw>
<kw name="Close Browser" library="SeleniumLibrary">
<doc>Closes the current browser.</doc>
<status status="PASS" starttime="20220920 19:59:29.467" endtime="20220920 19:59:32.351"/>
</kw>
<status status="PASS" starttime="20220920 19:58:52.789" endtime="20220920 19:59:32.353"/>
</test>
<status status="PASS" starttime="20220920 19:58:52.544" endtime="20220920 19:59:32.358"/>
</suite>
<statistics>
<total>
<stat pass="1" fail="0" skip="0">All Tests</stat>
</total>
<tag>
</tag>
<suite>
<stat pass="1" fail="0" skip="0" id="s1" name="TC1">TC1</stat>
</suite>
</statistics>
<errors>
</errors>
</robot>
