<?xml version="1.0" encoding="UTF-8"?>
<robot generator="Robot 5.0 (Python 3.10.2 on win32)" generated="20220921 15:36:31.367" rpa="false" schemaversion="3">
<suite id="s1" name="Suites">
<suite id="s1-s1" name="InputBox" source="C:\Users\SauravSharma\PycharmProjects\RobotFrameworkPratice\RobotFramework\TestCases\InputBox.robot">
<test id="s1-s1-t1" name="TestingInputBox" line="11">
<kw name="Open Browser" library="SeleniumLibrary">
<arg>${url}</arg>
<arg>${browser}</arg>
<doc>Opens a new browser instance to the optional ``url``.</doc>
<msg timestamp="20220921 15:36:33.245" level="INFO">Opening browser 'ff' to base url 'https://demo.nopcommerce.com/'.</msg>
<msg timestamp="20220921 15:36:33.267" level="INFO">Firefox driver log is always forced to to: C:\Users\SauravSharma\PycharmProjects\RobotFrameworkPratice\RobotFramework\Results\pabot_results\7\geckodriver-1.log</msg>
<status status="PASS" starttime="20220921 15:36:33.244" endtime="20220921 15:37:23.018"/>
</kw>
<kw name="Maximize Browser Window" library="SeleniumLibrary">
<doc>Maximizes current browser window.</doc>
<status status="PASS" starttime="20220921 15:37:23.019" endtime="20220921 15:37:23.023"/>
</kw>
<kw name="Title Should Be" library="SeleniumLibrary">
<arg>nopCommerce demo store</arg>
<doc>Verifies that the current page title equals ``title``.</doc>
<msg timestamp="20220921 15:37:23.027" level="INFO">Page title is 'nopCommerce demo store'.</msg>
<status status="PASS" starttime="20220921 15:37:23.023" endtime="20220921 15:37:23.027"/>
</kw>
<kw name="Click Link" library="SeleniumLibrary">
<arg>xpath://a[@class='ico-login']</arg>
<doc>Clicks a link identified by ``locator``.</doc>
<msg timestamp="20220921 15:37:23.029" level="INFO">Clicking link 'xpath://a[@class='ico-login']'.</msg>
<status status="PASS" starttime="20220921 15:37:23.027" endtime="20220921 15:37:27.472"/>
</kw>
<kw name="Set Variable" library="BuiltIn">
<var>${"email_txt"}</var>
<arg>id:Email</arg>
<doc>Returns the given values which can then be assigned to a variables.</doc>
<msg timestamp="20220921 15:37:27.473" level="INFO">${"email_txt"} = id:Email</msg>
<status status="PASS" starttime="20220921 15:37:27.473" endtime="20220921 15:37:27.473"/>
</kw>
<kw name="Element Should Be Visible" library="SeleniumLibrary">
<arg>${"email_txt"}</arg>
<doc>Verifies that the element identified by ``locator`` is visible.</doc>
<msg timestamp="20220921 15:37:28.287" level="INFO">Element 'id:Email' is displayed.</msg>
<status status="PASS" starttime="20220921 15:37:27.474" endtime="20220921 15:37:28.287"/>
</kw>
<kw name="Element Should Be Enabled" library="SeleniumLibrary">
<arg>${"email_txt"}</arg>
<doc>Verifies that element identified by ``locator`` is enabled.</doc>
<status status="PASS" starttime="20220921 15:37:28.287" endtime="20220921 15:37:28.356"/>
</kw>
<kw name="Input Text" library="SeleniumLibrary">
<arg>${"email_txt"}</arg>
<arg>pavanoltraining@gmail.com</arg>
<doc>Types the given ``text`` into the text field identified by ``locator``.</doc>
<msg timestamp="20220921 15:37:28.357" level="INFO">Typing text 'pavanoltraining@gmail.com' into text field 'id:Email'.</msg>
<status status="PASS" starttime="20220921 15:37:28.357" endtime="20220921 15:37:29.020"/>
</kw>
<kw name="Sleep" library="BuiltIn">
<arg>5</arg>
<doc>Pauses the test executed for the given time.</doc>
<msg timestamp="20220921 15:37:34.047" level="INFO">Slept 5 seconds</msg>
<status status="PASS" starttime="20220921 15:37:29.021" endtime="20220921 15:37:34.047"/>
</kw>
<kw name="Clear Element Text" library="SeleniumLibrary">
<arg>${"email_txt"}</arg>
<doc>Clears the value of the text-input-element identified by ``locator``.</doc>
<status status="PASS" starttime="20220921 15:37:34.047" endtime="20220921 15:37:34.388"/>
</kw>
<kw name="Sleep" library="BuiltIn">
<arg>3</arg>
<doc>Pauses the test executed for the given time.</doc>
<msg timestamp="20220921 15:37:37.406" level="INFO">Slept 3 seconds</msg>
<status status="PASS" starttime="20220921 15:37:34.388" endtime="20220921 15:37:37.407"/>
</kw>
<kw name="Close Browser" library="SeleniumLibrary">
<doc>Closes the current browser.</doc>
<status status="PASS" starttime="20220921 15:37:37.408" endtime="20220921 15:37:43.982"/>
</kw>
<status status="PASS" starttime="20220921 15:36:33.243" endtime="20220921 15:37:43.983"/>
</test>
<status status="PASS" starttime="20220921 15:36:31.587" endtime="20220921 15:37:43.984"/>
</suite>
<status status="PASS" starttime="20220921 15:36:31.426" endtime="20220921 15:37:43.987"/>
</suite>
<statistics>
<total>
<stat pass="1" fail="0" skip="0">All Tests</stat>
</total>
<tag>
</tag>
<suite>
<stat pass="1" fail="0" skip="0" id="s1" name="Suites">Suites</stat>
<stat pass="1" fail="0" skip="0" id="s1-s1" name="InputBox">Suites.InputBox</stat>
</suite>
</statistics>
<errors>
</errors>
</robot>
