<?xml version="1.0" encoding="UTF-8"?>
<robot generator="Robot 5.0 (Python 3.10.2 on win32)" generated="20220921 15:36:30.913" rpa="false" schemaversion="3">
<suite id="s1" name="Suites">
<suite id="s1-s1" name="CloseSingleAndMultipleBrowsers" source="C:\Users\SauravSharma\PycharmProjects\RobotFrameworkPratice\RobotFramework\TestCases\CloseSingleAndMultipleBrowsers.robot">
<test id="s1-s1-t1" name="Checking Closing Of Single And Multiple Browsers" line="10">
<kw name="Open Browser" library="SeleniumLibrary">
<arg>${url1}</arg>
<arg>${browser}</arg>
<doc>Opens a new browser instance to the optional ``url``.</doc>
<msg timestamp="20220921 15:36:32.298" level="INFO">Opening browser 'ff' to base url 'https://www.techlistic.com/p/selenium-practice-form.html'.</msg>
<msg timestamp="20220921 15:36:32.299" level="INFO">Firefox driver log is always forced to to: C:\Users\SauravSharma\PycharmProjects\RobotFrameworkPratice\RobotFramework\Results\pabot_results\1\geckodriver-1.log</msg>
<status status="PASS" starttime="20220921 15:36:32.297" endtime="20220921 15:37:27.312"/>
</kw>
<kw name="Maximize Browser Window" library="SeleniumLibrary">
<doc>Maximizes current browser window.</doc>
<status status="PASS" starttime="20220921 15:37:27.316" endtime="20220921 15:37:27.320"/>
</kw>
<kw name="Open Browser" library="SeleniumLibrary">
<arg>${url2}</arg>
<arg>${browser}</arg>
<doc>Opens a new browser instance to the optional ``url``.</doc>
<msg timestamp="20220921 15:37:27.320" level="INFO">Opening browser 'ff' to base url 'https://www.saucedemo.com/'.</msg>
<msg timestamp="20220921 15:37:27.320" level="INFO">Firefox driver log is always forced to to: C:\Users\SauravSharma\PycharmProjects\RobotFrameworkPratice\RobotFramework\Results\pabot_results\1\geckodriver-2.log</msg>
<status status="PASS" starttime="20220921 15:37:27.320" endtime="20220921 15:37:50.222"/>
</kw>
<kw name="Maximize Browser Window" library="SeleniumLibrary">
<doc>Maximizes current browser window.</doc>
<status status="PASS" starttime="20220921 15:37:50.223" endtime="20220921 15:37:50.230"/>
</kw>
<kw name="Close All Browsers" library="SeleniumLibrary">
<doc>Closes all open browsers and resets the browser cache.</doc>
<status status="PASS" starttime="20220921 15:37:50.230" endtime="20220921 15:37:59.655"/>
</kw>
<status status="PASS" starttime="20220921 15:36:32.295" endtime="20220921 15:37:59.655"/>
</test>
<status status="PASS" starttime="20220921 15:36:31.025" endtime="20220921 15:37:59.657"/>
</suite>
<status status="PASS" starttime="20220921 15:36:30.974" endtime="20220921 15:37:59.659"/>
</suite>
<statistics>
<total>
<stat pass="1" fail="0" skip="0">All Tests</stat>
</total>
<tag>
</tag>
<suite>
<stat pass="1" fail="0" skip="0" id="s1" name="Suites">Suites</stat>
<stat pass="1" fail="0" skip="0" id="s1-s1" name="CloseSingleAndMultipleBrowsers">Suites.CloseSingleAndMultipleBrowsers</stat>
</suite>
</statistics>
<errors>
</errors>
</robot>
