<?xml version="1.0" encoding="UTF-8"?>
<robot generator="Robot 5.0 (Python 3.10.2 on win32)" generated="20220921 15:36:31.977" rpa="false" schemaversion="3">
<suite id="s1" name="Suites">
<suite id="s1-s1" name="Keyword" source="C:\Users\SauravSharma\PycharmProjects\RobotFrameworkPratice\RobotFramework\TestCases\Keyword.robot">
<test id="s1-s1-t1" name="Testing Keyword" line="11">
<kw name="Open Browser" library="SeleniumLibrary">
<arg>${url}</arg>
<arg>${browser}</arg>
<doc>Opens a new browser instance to the optional ``url``.</doc>
<msg timestamp="20220921 15:36:52.777" level="INFO">Opening browser 'ff' to base url 'https://www.google.com'.</msg>
<msg timestamp="20220921 15:36:52.778" level="INFO">Firefox driver log is always forced to to: C:\Users\SauravSharma\PycharmProjects\RobotFrameworkPratice\RobotFramework\Results\pabot_results\8\geckodriver-1.log</msg>
<status status="PASS" starttime="20220921 15:36:52.776" endtime="20220921 15:37:44.838"/>
</kw>
<kw name="Get Current Time As String" library="Custom_Lib">
<var>${search}</var>
<arg>self</arg>
<msg timestamp="20220921 15:37:44.839" level="INFO">${search} = 20220921153744</msg>
<status status="PASS" starttime="20220921 15:37:44.838" endtime="20220921 15:37:44.840"/>
</kw>
<kw name="Input Text" library="SeleniumLibrary">
<arg>name=q</arg>
<arg>${search}</arg>
<doc>Types the given ``text`` into the text field identified by ``locator``.</doc>
<msg timestamp="20220921 15:37:44.842" level="INFO">Typing text '20220921153744' into text field 'name=q'.</msg>
<status status="PASS" starttime="20220921 15:37:44.840" endtime="20220921 15:37:52.944"/>
</kw>
<kw name="Log To Console" library="BuiltIn">
<arg>${search}</arg>
<doc>Logs the given message to the console.</doc>
<status status="PASS" starttime="20220921 15:37:52.945" endtime="20220921 15:37:52.945"/>
</kw>
<kw name="Close Browser" library="SeleniumLibrary">
<doc>Closes the current browser.</doc>
<status status="PASS" starttime="20220921 15:37:52.946" endtime="20220921 15:37:58.145"/>
</kw>
<status status="PASS" starttime="20220921 15:36:52.774" endtime="20220921 15:37:58.146"/>
</test>
<test id="s1-s1-t2" name="Signing In To Sauce Demo" line="18">
<kw name="Open Browser" library="SeleniumLibrary">
<arg>https://www.saucedemo.com/</arg>
<arg>ff</arg>
<doc>Opens a new browser instance to the optional ``url``.</doc>
<msg timestamp="20220921 15:37:58.155" level="INFO">Opening browser 'ff' to base url 'https://www.saucedemo.com/'.</msg>
<msg timestamp="20220921 15:37:58.156" level="INFO">Firefox driver log is always forced to to: C:\Users\SauravSharma\PycharmProjects\RobotFrameworkPratice\RobotFramework\Results\pabot_results\8\geckodriver-2.log</msg>
<status status="PASS" starttime="20220921 15:37:58.154" endtime="20220921 15:38:05.817"/>
</kw>
<status status="PASS" starttime="20220921 15:37:58.147" endtime="20220921 15:38:05.817"/>
</test>
<status status="PASS" starttime="20220921 15:36:32.216" endtime="20220921 15:38:05.819"/>
</suite>
<status status="PASS" starttime="20220921 15:36:32.113" endtime="20220921 15:38:05.821"/>
</suite>
<statistics>
<total>
<stat pass="2" fail="0" skip="0">All Tests</stat>
</total>
<tag>
</tag>
<suite>
<stat pass="2" fail="0" skip="0" id="s1" name="Suites">Suites</stat>
<stat pass="2" fail="0" skip="0" id="s1-s1" name="Keyword">Suites.Keyword</stat>
</suite>
</statistics>
<errors>
<msg timestamp="20220921 15:36:52.771" level="WARN">Imported library 'C:\Users\SauravSharma\PycharmProjects\RobotFrameworkPratice\RobotFramework\Resources\CreatingKeywords.py' contains no keywords.</msg>
</errors>
</robot>
