<?xml version="1.0" encoding="UTF-8"?>
<robot generator="Robot 5.0 (Python 3.10.2 on win32)" generated="20220921 15:36:30.849" rpa="false" schemaversion="3">
<suite id="s1" name="Suites">
<suite id="s1-s1" name="DropDown" source="C:\Users\SauravSharma\PycharmProjects\RobotFrameworkPratice\RobotFramework\TestCases\DropDown.robot">
<test id="s1-s1-t1" name="Handling DropDowns and Lists" line="9">
<kw name="Get Selenium Speed" library="SeleniumLibrary">
<var>${speed}</var>
<doc>Gets the delay that is waited after each Selenium command.</doc>
<msg timestamp="20220921 15:36:31.978" level="INFO">${speed} = 0 seconds</msg>
<status status="PASS" starttime="20220921 15:36:31.977" endtime="20220921 15:36:31.978"/>
</kw>
<kw name="Log To Console" library="BuiltIn">
<arg>${speed}</arg>
<doc>Logs the given message to the console.</doc>
<status status="PASS" starttime="20220921 15:36:31.978" endtime="20220921 15:36:31.979"/>
</kw>
<kw name="Open Browser" library="SeleniumLibrary">
<arg>${url}</arg>
<arg>${browser}</arg>
<doc>Opens a new browser instance to the optional ``url``.</doc>
<msg timestamp="20220921 15:36:31.980" level="INFO">Opening browser 'ff' to base url 'https://www.techlistic.com/p/selenium-practice-form.html'.</msg>
<msg timestamp="20220921 15:36:32.015" level="INFO">Firefox driver log is always forced to to: C:\Users\SauravSharma\PycharmProjects\RobotFrameworkPratice\RobotFramework\Results\pabot_results\5\geckodriver-1.log</msg>
<status status="PASS" starttime="20220921 15:36:31.979" endtime="20220921 15:37:19.765"/>
</kw>
<kw name="Maximize Browser Window" library="SeleniumLibrary">
<doc>Maximizes current browser window.</doc>
<status status="PASS" starttime="20220921 15:37:19.765" endtime="20220921 15:37:19.782"/>
</kw>
<kw name="Get Selenium Timeout" library="SeleniumLibrary">
<var>${time}</var>
<doc>Gets the timeout that is used by various keywords.</doc>
<msg timestamp="20220921 15:37:19.783" level="INFO">${time} = 5 seconds</msg>
<status status="PASS" starttime="20220921 15:37:19.782" endtime="20220921 15:37:19.783"/>
</kw>
<kw name="Log To Console" library="BuiltIn">
<arg>${time}</arg>
<doc>Logs the given message to the console.</doc>
<status status="PASS" starttime="20220921 15:37:19.783" endtime="20220921 15:37:19.784"/>
</kw>
<kw name="Wait Until Page Contains" library="SeleniumLibrary">
<arg>AUTOMATION PRACTICE ME</arg>
<doc>Waits until ``text`` appears on the current page.</doc>
<status status="PASS" starttime="20220921 15:37:19.785" endtime="20220921 15:37:19.911"/>
</kw>
<kw name="Set Selenium Speed" library="SeleniumLibrary">
<arg>2</arg>
<doc>Sets the delay that is waited after each Selenium command.</doc>
<status status="PASS" starttime="20220921 15:37:19.912" endtime="20220921 15:37:19.913"/>
</kw>
<kw name="Set Selenium Implicit Wait" library="SeleniumLibrary">
<arg>10 seconds</arg>
<doc>Sets the implicit wait value used by Selenium.</doc>
<status status="PASS" starttime="20220921 15:37:19.913" endtime="20220921 15:37:21.931"/>
</kw>
<kw name="Select From List By Label" library="SeleniumLibrary">
<arg>Customer roles</arg>
<arg>Europe</arg>
<doc>Selects options from selection list ``locator`` by ``labels``.</doc>
<msg timestamp="20220921 15:37:21.932" level="INFO">Selecting options from selection list 'Customer roles' by label Europe.</msg>
<msg timestamp="20220921 15:37:38.266" level="INFO" html="true">&lt;/td&gt;&lt;/tr&gt;&lt;tr&gt;&lt;td colspan="3"&gt;&lt;a href="selenium-screenshot-1.png"&gt;&lt;img src="selenium-screenshot-1.png" width="800px"&gt;&lt;/a&gt;</msg>
<msg timestamp="20220921 15:37:38.268" level="FAIL">List with locator 'Customer roles' not found.</msg>
<status status="FAIL" starttime="20220921 15:37:21.931" endtime="20220921 15:37:38.348"/>
</kw>
<kw name="Select From List By Index" library="SeleniumLibrary">
<arg>continents</arg>
<arg>6</arg>
<doc>Selects options from selection list ``locator`` by ``indexes``.</doc>
<status status="NOT RUN" starttime="20220921 15:37:38.348" endtime="20220921 15:37:38.349"/>
</kw>
<kw name="Select From List By Label" library="SeleniumLibrary">
<arg>selenium_commands</arg>
<arg>Browser Commands</arg>
<doc>Selects options from selection list ``locator`` by ``labels``.</doc>
<status status="NOT RUN" starttime="20220921 15:37:38.350" endtime="20220921 15:37:38.350"/>
</kw>
<kw name="Select From List By Label" library="SeleniumLibrary">
<arg>selenium_commands</arg>
<arg>WebElement Commands</arg>
<doc>Selects options from selection list ``locator`` by ``labels``.</doc>
<status status="NOT RUN" starttime="20220921 15:37:38.350" endtime="20220921 15:37:38.351"/>
</kw>
<kw name="Unselect From List By Label" library="SeleniumLibrary">
<arg>selenium_commands</arg>
<arg>Browser Commands</arg>
<doc>Unselects options from selection list ``locator`` by ``labels``.</doc>
<status status="NOT RUN" starttime="20220921 15:37:38.351" endtime="20220921 15:37:38.351"/>
</kw>
<kw name="Get Selenium Speed" library="SeleniumLibrary">
<var>${speed}</var>
<doc>Gets the delay that is waited after each Selenium command.</doc>
<status status="NOT RUN" starttime="20220921 15:37:38.352" endtime="20220921 15:37:38.352"/>
</kw>
<kw name="Log To Console" library="BuiltIn">
<arg>${speed}</arg>
<doc>Logs the given message to the console.</doc>
<status status="NOT RUN" starttime="20220921 15:37:38.353" endtime="20220921 15:37:38.353"/>
</kw>
<kw name="Close Browser" library="SeleniumLibrary">
<doc>Closes the current browser.</doc>
<status status="NOT RUN" starttime="20220921 15:37:38.353" endtime="20220921 15:37:38.353"/>
</kw>
<status status="FAIL" starttime="20220921 15:36:31.972" endtime="20220921 15:37:38.355">List with locator 'Customer roles' not found.</status>
</test>
<status status="FAIL" starttime="20220921 15:36:31.013" endtime="20220921 15:37:38.356"/>
</suite>
<status status="FAIL" starttime="20220921 15:36:30.934" endtime="20220921 15:37:38.358"/>
</suite>
<statistics>
<total>
<stat pass="0" fail="1" skip="0">All Tests</stat>
</total>
<tag>
</tag>
<suite>
<stat pass="0" fail="1" skip="0" id="s1" name="Suites">Suites</stat>
<stat pass="0" fail="1" skip="0" id="s1-s1" name="DropDown">Suites.DropDown</stat>
</suite>
</statistics>
<errors>
</errors>
</robot>
