<?xml version="1.0" encoding="UTF-8"?>
<robot generator="Robot 5.0 (Python 3.10.2 on win32)" generated="20220921 15:37:34.492" rpa="false" schemaversion="3">
<suite id="s1" name="Suites">
<suite id="s1-s1" name="WaitAndTime" source="C:\Users\SauravSharma\PycharmProjects\RobotFrameworkPratice\RobotFramework\TestCases\WaitAndTime.robot">
<test id="s1-s1-t1" name="Wait And Timeouts" line="9">
<kw name="Get Selenium Speed" library="SeleniumLibrary">
<var>${speed}</var>
<doc>Gets the delay that is waited after each Selenium command.</doc>
<msg timestamp="20220921 15:37:35.259" level="INFO">${speed} = 0 seconds</msg>
<status status="PASS" starttime="20220921 15:37:35.258" endtime="20220921 15:37:35.259"/>
</kw>
<kw name="Log To Console" library="BuiltIn">
<arg>${speed}</arg>
<doc>Logs the given message to the console.</doc>
<status status="PASS" starttime="20220921 15:37:35.260" endtime="20220921 15:37:35.260"/>
</kw>
<kw name="Open Browser" library="SeleniumLibrary">
<arg>${url}</arg>
<arg>${browser}</arg>
<doc>Opens a new browser instance to the optional ``url``.</doc>
<msg timestamp="20220921 15:37:35.261" level="INFO">Opening browser 'ff' to base url 'https://www.techlistic.com/p/selenium-practice-form.html'.</msg>
<msg timestamp="20220921 15:37:35.263" level="INFO">Firefox driver log is always forced to to: C:\Users\SauravSharma\PycharmProjects\RobotFrameworkPratice\RobotFramework\Results\pabot_results\16\geckodriver-1.log</msg>
<status status="PASS" starttime="20220921 15:37:35.261" endtime="20220921 15:38:10.180"/>
</kw>
<kw name="Maximize Browser Window" library="SeleniumLibrary">
<doc>Maximizes current browser window.</doc>
<status status="PASS" starttime="20220921 15:38:10.181" endtime="20220921 15:38:10.186"/>
</kw>
<kw name="Get Selenium Timeout" library="SeleniumLibrary">
<var>${time}</var>
<doc>Gets the timeout that is used by various keywords.</doc>
<msg timestamp="20220921 15:38:10.187" level="INFO">${time} = 5 seconds</msg>
<status status="PASS" starttime="20220921 15:38:10.186" endtime="20220921 15:38:10.187"/>
</kw>
<kw name="Log To Console" library="BuiltIn">
<arg>${time}</arg>
<doc>Logs the given message to the console.</doc>
<status status="PASS" starttime="20220921 15:38:10.187" endtime="20220921 15:38:10.188"/>
</kw>
<kw name="Wait Until Page Contains" library="SeleniumLibrary">
<arg>AUTOMATION PRACTICE ME</arg>
<doc>Waits until ``text`` appears on the current page.</doc>
<status status="PASS" starttime="20220921 15:38:10.188" endtime="20220921 15:38:10.243"/>
</kw>
<kw name="Set Selenium Speed" library="SeleniumLibrary">
<arg>2</arg>
<doc>Sets the delay that is waited after each Selenium command.</doc>
<status status="PASS" starttime="20220921 15:38:10.243" endtime="20220921 15:38:10.244"/>
</kw>
<kw name="Set Selenium Implicit Wait" library="SeleniumLibrary">
<arg>10 seconds</arg>
<doc>Sets the implicit wait value used by Selenium.</doc>
<status status="PASS" starttime="20220921 15:38:10.244" endtime="20220921 15:38:12.251"/>
</kw>
<kw name="Select From List By Label" library="SeleniumLibrary">
<arg>continents</arg>
<arg>Europe</arg>
<doc>Selects options from selection list ``locator`` by ``labels``.</doc>
<msg timestamp="20220921 15:38:12.252" level="INFO">Selecting options from selection list 'continents' by label Europe.</msg>
<status status="PASS" starttime="20220921 15:38:12.251" endtime="20220921 15:38:24.568"/>
</kw>
<kw name="Select From List By Index" library="SeleniumLibrary">
<arg>continents</arg>
<arg>6</arg>
<doc>Selects options from selection list ``locator`` by ``indexes``.</doc>
<msg timestamp="20220921 15:38:24.569" level="INFO">Selecting options from selection list 'continents' by index 6.</msg>
<status status="PASS" starttime="20220921 15:38:24.568" endtime="20220921 15:38:51.207"/>
</kw>
<kw name="Select From List By Label" library="SeleniumLibrary">
<arg>selenium_commands</arg>
<arg>Browser Commands</arg>
<doc>Selects options from selection list ``locator`` by ``labels``.</doc>
<msg timestamp="20220921 15:38:51.210" level="INFO">Selecting options from selection list 'selenium_commands' by label Browser Commands.</msg>
<status status="PASS" starttime="20220921 15:38:51.208" endtime="20220921 15:39:03.587"/>
</kw>
<kw name="Select From List By Label" library="SeleniumLibrary">
<arg>selenium_commands</arg>
<arg>WebElement Commands</arg>
<doc>Selects options from selection list ``locator`` by ``labels``.</doc>
<msg timestamp="20220921 15:39:03.588" level="INFO">Selecting options from selection list 'selenium_commands' by label WebElement Commands.</msg>
<status status="PASS" starttime="20220921 15:39:03.587" endtime="20220921 15:39:15.906"/>
</kw>
<kw name="Unselect From List By Label" library="SeleniumLibrary">
<arg>selenium_commands</arg>
<arg>Browser Commands</arg>
<doc>Unselects options from selection list ``locator`` by ``labels``.</doc>
<msg timestamp="20220921 15:39:15.909" level="INFO">Un-selecting options from selection list 'selenium_commands' by label Browser Commands.</msg>
<status status="PASS" starttime="20220921 15:39:15.908" endtime="20220921 15:39:28.229"/>
</kw>
<kw name="Get Selenium Speed" library="SeleniumLibrary">
<var>${speed}</var>
<doc>Gets the delay that is waited after each Selenium command.</doc>
<msg timestamp="20220921 15:39:28.232" level="INFO">${speed} = 2 seconds</msg>
<status status="PASS" starttime="20220921 15:39:28.230" endtime="20220921 15:39:28.233"/>
</kw>
<kw name="Log To Console" library="BuiltIn">
<arg>${speed}</arg>
<doc>Logs the given message to the console.</doc>
<status status="PASS" starttime="20220921 15:39:28.233" endtime="20220921 15:39:28.236"/>
</kw>
<kw name="Close Browser" library="SeleniumLibrary">
<doc>Closes the current browser.</doc>
<status status="PASS" starttime="20220921 15:39:28.237" endtime="20220921 15:39:31.569"/>
</kw>
<status status="PASS" starttime="20220921 15:37:35.257" endtime="20220921 15:39:31.571"/>
</test>
<status status="PASS" starttime="20220921 15:37:34.596" endtime="20220921 15:39:31.574"/>
</suite>
<status status="PASS" starttime="20220921 15:37:34.512" endtime="20220921 15:39:31.579"/>
</suite>
<statistics>
<total>
<stat pass="1" fail="0" skip="0">All Tests</stat>
</total>
<tag>
</tag>
<suite>
<stat pass="1" fail="0" skip="0" id="s1" name="Suites">Suites</stat>
<stat pass="1" fail="0" skip="0" id="s1-s1" name="WaitAndTime">Suites.WaitAndTime</stat>
</suite>
</statistics>
<errors>
</errors>
</robot>
