<?xml version="1.0" encoding="UTF-8"?>
<robot generator="Robot 5.0 (Python 3.10.2 on win32)" generated="20220921 15:36:31.312" rpa="false" schemaversion="3">
<suite id="s1" name="Suites">
<suite id="s1-s1" name="MultipleBrowser" source="C:\Users\SauravSharma\PycharmProjects\RobotFrameworkPratice\RobotFramework\TestCases\MultipleBrowser.robot">
<test id="s1-s1-t1" name="MultipleBrowsers" line="11">
<kw name="Set Selenium Speed" library="SeleniumLibrary">
<arg>2</arg>
<doc>Sets the delay that is waited after each Selenium command.</doc>
<status status="PASS" starttime="20220921 15:36:32.983" endtime="20220921 15:36:32.984"/>
</kw>
<kw name="Open Browser" library="SeleniumLibrary">
<arg>${url1}</arg>
<arg>${browser}</arg>
<doc>Opens a new browser instance to the optional ``url``.</doc>
<msg timestamp="20220921 15:36:32.985" level="INFO">Opening browser 'ff' to base url 'https://www.bing.com/'.</msg>
<msg timestamp="20220921 15:36:32.986" level="INFO">Firefox driver log is always forced to to: C:\Users\SauravSharma\PycharmProjects\RobotFrameworkPratice\RobotFramework\Results\pabot_results\9\geckodriver-1.log</msg>
<status status="PASS" starttime="20220921 15:36:32.984" endtime="20220921 15:37:26.154"/>
</kw>
<kw name="Maximize Browser Window" library="SeleniumLibrary">
<doc>Maximizes current browser window.</doc>
<status status="PASS" starttime="20220921 15:37:26.155" endtime="20220921 15:37:28.174"/>
</kw>
<kw name="Open Browser" library="SeleniumLibrary">
<arg>${url2}</arg>
<arg>${browser}</arg>
<doc>Opens a new browser instance to the optional ``url``.</doc>
<msg timestamp="20220921 15:37:28.175" level="INFO">Opening browser 'ff' to base url 'https://www.google.com/'.</msg>
<msg timestamp="20220921 15:37:28.177" level="INFO">Firefox driver log is always forced to to: C:\Users\SauravSharma\PycharmProjects\RobotFrameworkPratice\RobotFramework\Results\pabot_results\9\geckodriver-2.log</msg>
<status status="PASS" starttime="20220921 15:37:28.174" endtime="20220921 15:37:40.288"/>
</kw>
<kw name="Maximize Browser Window" library="SeleniumLibrary">
<doc>Maximizes current browser window.</doc>
<status status="PASS" starttime="20220921 15:37:40.288" endtime="20220921 15:37:42.297"/>
</kw>
<kw name="Switch Browser" library="SeleniumLibrary">
<arg>1</arg>
<doc>Switches between active browsers using ``index_or_alias``.</doc>
<status status="PASS" starttime="20220921 15:37:42.297" endtime="20220921 15:37:42.298"/>
</kw>
<kw name="Get Title" library="SeleniumLibrary">
<var>${title}</var>
<doc>Returns the title of the current page.</doc>
<msg timestamp="20220921 15:37:49.976" level="INFO">${title} = Bing</msg>
<status status="PASS" starttime="20220921 15:37:42.298" endtime="20220921 15:37:49.976"/>
</kw>
<kw name="Log To Console" library="BuiltIn">
<arg>${title}</arg>
<doc>Logs the given message to the console.</doc>
<status status="PASS" starttime="20220921 15:37:49.976" endtime="20220921 15:37:49.977"/>
</kw>
<kw name="Switch Browser" library="SeleniumLibrary">
<arg>2</arg>
<doc>Switches between active browsers using ``index_or_alias``.</doc>
<status status="PASS" starttime="20220921 15:37:49.978" endtime="20220921 15:37:49.978"/>
</kw>
<kw name="Get Title" library="SeleniumLibrary">
<var>${title2}</var>
<doc>Returns the title of the current page.</doc>
<msg timestamp="20220921 15:37:51.988" level="INFO">${title2} = Google</msg>
<status status="PASS" starttime="20220921 15:37:49.979" endtime="20220921 15:37:51.988"/>
</kw>
<kw name="Log To Console" library="BuiltIn">
<arg>${title2}</arg>
<doc>Logs the given message to the console.</doc>
<status status="PASS" starttime="20220921 15:37:51.988" endtime="20220921 15:37:51.989"/>
</kw>
<kw name="Close Browser" library="SeleniumLibrary">
<doc>Closes the current browser.</doc>
<status status="PASS" starttime="20220921 15:37:51.989" endtime="20220921 15:37:57.048"/>
</kw>
<status status="PASS" starttime="20220921 15:36:32.982" endtime="20220921 15:37:57.049"/>
</test>
<status status="PASS" starttime="20220921 15:36:31.500" endtime="20220921 15:37:57.050"/>
</suite>
<status status="PASS" starttime="20220921 15:36:31.426" endtime="20220921 15:37:57.053"/>
</suite>
<statistics>
<total>
<stat pass="1" fail="0" skip="0">All Tests</stat>
</total>
<tag>
</tag>
<suite>
<stat pass="1" fail="0" skip="0" id="s1" name="Suites">Suites</stat>
<stat pass="1" fail="0" skip="0" id="s1-s1" name="MultipleBrowser">Suites.MultipleBrowser</stat>
</suite>
</statistics>
<errors>
</errors>
</robot>
